<?xml version="1.0" encoding="UTF-8"?>
<!-- Generated by org.testng.reporters.JUnitReportReporter -->
<testsuite skipped="0" hostname="DESKTOP-2ED4479" name="Com.FirstAutomation.TestScripts.LoginTest" tests="1" failures="0" timestamp="2020-05-10T10:34:33 IST" time="26.681" errors="0">
  <testcase name="logintoapp" time="26.681" classname="Com.FirstAutomation.TestScripts.LoginTest"/>
</testsuite> <!-- Com.FirstAutomation.TestScripts.LoginTest -->
