<?xml version="1.0" encoding="UTF-8"?>
<!-- Generated by org.testng.reporters.JUnitReportReporter -->
<testsuite skipped="0" hostname="DESKTOP-2ED4479" name="Com.FirstAutomation.TestScripts.Zooplahometest" tests="2" failures="0" timestamp="2020-05-16T14:14:49 IST" time="49.586" errors="0">
  <testcase name="logintoapp" time="25.781" classname="Com.FirstAutomation.TestScripts.Zooplahometest"/>
  <testcase name="validatesearchoptions" time="23.805" classname="Com.FirstAutomation.TestScripts.Zooplahometest"/>
</testsuite> <!-- Com.FirstAutomation.TestScripts.Zooplahometest -->
