<?xml version="1.0" encoding="UTF-8"?>
<!-- Generated by org.testng.reporters.JUnitReportReporter -->
<testsuite skipped="0" hostname="DESKTOP-2ED4479" name="Com.FirstAutomation.TestScripts.Jsonreader" tests="3" failures="0" timestamp="2020-06-02T14:27:54 IST" time="0.019" errors="0">
  <testcase name="getjsondata" time="0.002" classname="Com.FirstAutomation.TestScripts.Jsonreader"/>
  <testcase name="getjsondata" time="0.016" classname="Com.FirstAutomation.TestScripts.Jsonreader"/>
  <testcase name="getjsondata" time="0.001" classname="Com.FirstAutomation.TestScripts.Jsonreader"/>
</testsuite> <!-- Com.FirstAutomation.TestScripts.Jsonreader -->
