<?xml version="1.0" encoding="UTF-8"?>
<!-- Generated by org.testng.reporters.JUnitReportReporter -->
<testsuite skipped="0" hostname="DESKTOP-2ED4479" name="Com.FirstAutomation.TestScripts.LoginTest" tests="1" failures="0" timestamp="13 Jun 2019 06:46:05 GMT" time="43.871" errors="0">
  <testcase name="logintoapp" time="43.871" classname="Com.FirstAutomation.TestScripts.LoginTest"/>
</testsuite> <!-- Com.FirstAutomation.TestScripts.LoginTest -->
