<?xml version="1.0" encoding="UTF-8"?>
<!-- Generated by org.testng.reporters.JUnitReportReporter -->
<testsuite skipped="0" hostname="DESKTOP-2ED4479" name="Com.FirstAutomation.TestScripts.ZooplaTest" tests="1" failures="0" timestamp="2020-07-10T22:52:12 IST" time="29.046" errors="0">
  <testcase name="findagentsestateagentsmodulevalidation" time="29.046" classname="Com.FirstAutomation.TestScripts.ZooplaTest"/>
</testsuite> <!-- Com.FirstAutomation.TestScripts.ZooplaTest -->
