<?xml version="1.0" encoding="UTF-8"?>
<!-- Generated by org.testng.reporters.JUnitReportReporter -->
<testsuite skipped="2" hostname="DESKTOP-2ED4479" name="Com.FirstAutomation.TestScripts.ZooplaTest" tests="5" failures="0" timestamp="2020-07-09T00:46:50 IST" time="76.105" errors="0">
  <testcase name="getlogindata" time="30.087" classname="Com.FirstAutomation.TestScripts.ZooplaTest"/>
  <testcase name="getlogindata" time="22.316" classname="Com.FirstAutomation.TestScripts.ZooplaTest"/>
  <testcase name="getlogindata" time="23.702" classname="Com.FirstAutomation.TestScripts.ZooplaTest"/>
  <testcase name="logintoapp" classname="Com.FirstAutomation.TestScripts.ZooplaTest">
    <skipped/>
  </testcase> <!-- logintoapp -->
  <testcase name="validatesearchoptions" classname="Com.FirstAutomation.TestScripts.ZooplaTest">
    <skipped/>
  </testcase> <!-- validatesearchoptions -->
</testsuite> <!-- Com.FirstAutomation.TestScripts.ZooplaTest -->
