<?xml version="1.0" encoding="UTF-8"?>
<!-- Generated by org.testng.reporters.JUnitReportReporter -->
<testsuite skipped="1" hostname="DESKTOP-2ED4479" name="Com.FirstAutomation.TestScripts.DBtestcases" tests="2" failures="0" timestamp="2020-05-16T23:23:57 IST" time="1.627" errors="0">
  <testcase name="employeerecordstojsonfile" time="1.627" classname="Com.FirstAutomation.TestScripts.DBtestcases"/>
  <testcase name="employeetablevalidation" classname="Com.FirstAutomation.TestScripts.DBtestcases">
    <skipped/>
  </testcase> <!-- employeetablevalidation -->
</testsuite> <!-- Com.FirstAutomation.TestScripts.DBtestcases -->
