<?xml version="1.0" encoding="UTF-8"?>
<!-- Generated by org.testng.reporters.JUnitReportReporter -->
<testsuite skipped="0" hostname="DESKTOP-2ED4479" name="Com.FirstAutomation.TestScripts.ZooplaTest" tests="2" failures="0" timestamp="2020-06-27T11:08:41 IST" time="65.062" errors="0">
  <testcase name="logintoapp" time="26.502" classname="Com.FirstAutomation.TestScripts.ZooplaTest"/>
  <testcase name="validatesearchoptions" time="38.560" classname="Com.FirstAutomation.TestScripts.ZooplaTest"/>
</testsuite> <!-- Com.FirstAutomation.TestScripts.ZooplaTest -->
