<?xml version="1.0" encoding="UTF-8"?>
<!-- Generated by org.testng.reporters.JUnitReportReporter -->
<testsuite skipped="0" hostname="DESKTOP-2ED4479" name="Com.FirstAutomation.TestScripts.ZooplaTest" tests="2" failures="0" timestamp="2020-05-19T23:11:02 IST" time="45.960" errors="0">
  <testcase name="logintoapp" time="16.797" classname="Com.FirstAutomation.TestScripts.ZooplaTest"/>
  <testcase name="validatesearchoptions" time="29.163" classname="Com.FirstAutomation.TestScripts.ZooplaTest"/>
</testsuite> <!-- Com.FirstAutomation.TestScripts.ZooplaTest -->
