<?xml version="1.0" encoding="UTF-8"?>
<!-- Generated by org.testng.reporters.JUnitReportReporter -->
<testsuite skipped="2" hostname="DESKTOP-2ED4479" name="Com.FirstAutomation.TestScripts.ExcelSampleTest" tests="3" failures="0" timestamp="2020-06-26T15:35:21 IST" time="24.768" errors="0">
  <testcase name="downloadexcelvalidation" time="24.768" classname="Com.FirstAutomation.TestScripts.ExcelSampleTest"/>
  <testcase name="donwlaodexcelrecords" classname="Com.FirstAutomation.TestScripts.ExcelSampleTest">
    <skipped/>
  </testcase> <!-- donwlaodexcelrecords -->
  <testcase name="validatetwoarrylistmaps" classname="Com.FirstAutomation.TestScripts.ExcelSampleTest">
    <skipped/>
  </testcase> <!-- validatetwoarrylistmaps -->
</testsuite> <!-- Com.FirstAutomation.TestScripts.ExcelSampleTest -->
