<?xml version="1.0" encoding="UTF-8"?>
<!-- Generated by org.testng.reporters.JUnitReportReporter -->
<testsuite skipped="0" hostname="DESKTOP-2ED4479" name="Com.FirstAutomation.TestScripts.LoginTest" tests="1" failures="0" timestamp="20 Jul 2019 11:46:25 GMT" time="27.694" errors="0">
  <testcase name="logintoapp" time="27.694" classname="Com.FirstAutomation.TestScripts.LoginTest"/>
</testsuite> <!-- Com.FirstAutomation.TestScripts.LoginTest -->
