<?xml version="1.0" encoding="UTF-8"?>
<!-- Generated by org.testng.reporters.JUnitReportReporter -->
<testsuite skipped="0" hostname="DESKTOP-2ED4479" name="Com.FirstAutomation.TestScripts.ZooplaTest" tests="2" failures="0" timestamp="2020-06-27T20:27:44 IST" time="64.391" errors="0">
  <testcase name="logintoapp" time="33.051" classname="Com.FirstAutomation.TestScripts.ZooplaTest"/>
  <testcase name="validatesearchoptions" time="31.340" classname="Com.FirstAutomation.TestScripts.ZooplaTest"/>
</testsuite> <!-- Com.FirstAutomation.TestScripts.ZooplaTest -->
