<?xml version="1.0" encoding="UTF-8"?>
<!-- Generated by org.testng.reporters.JUnitReportReporter -->
<testsuite skipped="0" hostname="DESKTOP-2ED4479" name="Com.FirstAutomation.TestScripts.LoginTest" tests="1" failures="0" timestamp="02 Jul 2019 18:51:47 GMT" time="27.619" errors="0">
  <testcase name="logintoapp" time="27.619" classname="Com.FirstAutomation.TestScripts.LoginTest"/>
</testsuite> <!-- Com.FirstAutomation.TestScripts.LoginTest -->
