<?xml version="1.0" encoding="UTF-8"?>
<!-- Generated by org.testng.reporters.JUnitReportReporter -->
<testsuite skipped="2" hostname="DESKTOP-2ED4479" name="Com.FirstAutomation.TestScripts.ZooplaTest" tests="5" failures="0" timestamp="2020-07-07T23:10:18 IST" time="49.372" errors="0">
  <testcase name="getlogindata" time="22.447" classname="Com.FirstAutomation.TestScripts.ZooplaTest"/>
  <testcase name="getlogindata" time="13.113" classname="Com.FirstAutomation.TestScripts.ZooplaTest"/>
  <testcase name="getlogindata" time="13.812" classname="Com.FirstAutomation.TestScripts.ZooplaTest"/>
  <testcase name="logintoapp" classname="Com.FirstAutomation.TestScripts.ZooplaTest">
    <skipped/>
  </testcase> <!-- logintoapp -->
  <testcase name="validatesearchoptions" classname="Com.FirstAutomation.TestScripts.ZooplaTest">
    <skipped/>
  </testcase> <!-- validatesearchoptions -->
</testsuite> <!-- Com.FirstAutomation.TestScripts.ZooplaTest -->
