<?xml version="1.0" encoding="UTF-8"?>
<!-- Generated by org.testng.reporters.JUnitReportReporter -->
<testsuite skipped="0" hostname="DESKTOP-2ED4479" name="Com.FirstAutomation.TestScripts.ZooplaTest" tests="2" failures="0" timestamp="2020-06-27T10:46:32 IST" time="58.474" errors="0">
  <testcase name="logintoapp" time="27.684" classname="Com.FirstAutomation.TestScripts.ZooplaTest"/>
  <testcase name="validatesearchoptions" time="30.790" classname="Com.FirstAutomation.TestScripts.ZooplaTest"/>
</testsuite> <!-- Com.FirstAutomation.TestScripts.ZooplaTest -->
