<?xml version="1.0" encoding="UTF-8"?>
<!-- Generated by org.testng.reporters.JUnitReportReporter -->
<testsuite skipped="0" hostname="DESKTOP-2ED4479" name="Com.FirstAutomation.TestScripts.ZooplaTest" tests="2" failures="0" timestamp="2020-05-16T23:34:36 IST" time="38.838" errors="0">
  <testcase name="logintoapp" time="16.561" classname="Com.FirstAutomation.TestScripts.ZooplaTest"/>
  <testcase name="validatesearchoptions" time="22.277" classname="Com.FirstAutomation.TestScripts.ZooplaTest"/>
</testsuite> <!-- Com.FirstAutomation.TestScripts.ZooplaTest -->
