<?xml version="1.0" encoding="UTF-8"?>
<!-- Generated by org.testng.reporters.JUnitReportReporter -->
<testsuite skipped="0" hostname="DESKTOP-2ED4479" name="Com.FirstAutomation.TestScripts.LoginTest" tests="1" failures="0" timestamp="30 Jun 2019 07:37:00 GMT" time="54.521" errors="0">
  <testcase name="logintoapp" time="54.521" classname="Com.FirstAutomation.TestScripts.LoginTest"/>
</testsuite> <!-- Com.FirstAutomation.TestScripts.LoginTest -->
