<?xml version="1.0" encoding="UTF-8"?>
<!-- Generated by org.testng.reporters.JUnitReportReporter -->
<testsuite skipped="0" hostname="DESKTOP-2ED4479" name="Com.FirstAutomation.TestScripts.Zooplahometests" tests="2" failures="0" timestamp="2020-05-16T09:01:20 IST" time="38.177" errors="0">
  <testcase name="logintoapp" time="16.965" classname="Com.FirstAutomation.TestScripts.Zooplahometests"/>
  <testcase name="validatesearchoptions" time="21.212" classname="Com.FirstAutomation.TestScripts.Zooplahometests"/>
</testsuite> <!-- Com.FirstAutomation.TestScripts.Zooplahometests -->
