<?xml version="1.0" encoding="UTF-8"?>
<!-- Generated by org.testng.reporters.JUnitReportReporter -->
<testsuite skipped="0" hostname="DESKTOP-2ED4479" name="Com.FirstAutomation.TestScripts.DBtestcases" tests="1" failures="0" timestamp="2019-12-30T23:01:27 IST" time="1.149" errors="0">
  <testcase name="employeetablevalidation" time="1.149" classname="Com.FirstAutomation.TestScripts.DBtestcases"/>
</testsuite> <!-- Com.FirstAutomation.TestScripts.DBtestcases -->
